2015-11-10 15:26:56 10fc InnoDB: Warning: Using innodb_additional_mem_pool_size is DEPRECATED. This option may be removed in future releases, together with the option innodb_use_sys_malloc and with the InnoDB's internal memory allocator.
2015-11-10 15:26:56 4348 [Note] InnoDB: Using mutexes to ref count buffer pool pages
2015-11-10 15:26:56 4348 [Note] InnoDB: The InnoDB memory heap is disabled
2015-11-10 15:26:56 4348 [Note] InnoDB: Mutexes and rw_locks use Windows interlocked functions
2015-11-10 15:26:56 4348 [Note] InnoDB: Memory barrier is not used
2015-11-10 15:26:56 4348 [Note] InnoDB: Compressed tables use zlib 1.2.3
2015-11-10 15:26:56 4348 [Note] InnoDB: Not using CPU crc32 instructions
2015-11-10 15:26:56 4348 [Note] InnoDB: Initializing buffer pool, size = 16.0M
2015-11-10 15:26:56 4348 [Note] InnoDB: Completed initialization of buffer pool
2015-11-10 15:26:56 4348 [Note] InnoDB: Highest supported file format is Barracuda.
2015-11-10 15:26:57 4348 [Note] InnoDB: 128 rollback segment(s) are active.
2015-11-10 15:26:57 4348 [Note] InnoDB: Waiting for purge to start
2015-11-10 15:26:57 4348 [Note] InnoDB:  Percona XtraDB (http://www.percona.com) 5.6.26-74.0 started; log sequence number 1835027
2015-11-10 15:26:57 6140 [Note] InnoDB: Dumping buffer pool(s) not yet started
2015-11-10 15:26:57 4348 [Note] Plugin 'FEEDBACK' is disabled.
2015-11-10 15:26:57 4348 [Note] Server socket created on IP: '::'.
2015-11-10 15:26:57 4348 [Note] Event Scheduler: Loaded 0 events
2015-11-10 15:26:57 4348 [Note] C:\xampp\mysql\bin\mysqld.exe: ready for connections.
Version: '10.1.8-MariaDB'  socket: ''  port: 3306  mariadb.org binary distribution
2015-11-10 15:27:11 5152 [Note] C:\xampp\mysql\bin\mysqld.exe: Normal shutdown

2015-11-10 15:27:11 5152 [Note] Event Scheduler: Purging the queue. 0 events
2015-11-10 15:27:11 5732 [Note] InnoDB: FTS optimize thread exiting.
2015-11-10 15:27:11 5152 [Note] InnoDB: Starting shutdown...
2015-11-10 15:27:13 5152 [Note] InnoDB: Shutdown completed; log sequence number 1835037
2015-11-10 15:27:13 5152 [Note] C:\xampp\mysql\bin\mysqld.exe: Shutdown complete

2016-06-07 17:28:51 4538 InnoDB: Warning: Using innodb_additional_mem_pool_size is DEPRECATED. This option may be removed in future releases, together with the option innodb_use_sys_malloc and with the InnoDB's internal memory allocator.
2016-06-07 17:28:51 17720 [Note] InnoDB: Using mutexes to ref count buffer pool pages
2016-06-07 17:28:51 17720 [Note] InnoDB: The InnoDB memory heap is disabled
2016-06-07 17:28:51 17720 [Note] InnoDB: Mutexes and rw_locks use Windows interlocked functions
2016-06-07 17:28:51 17720 [Note] InnoDB: Memory barrier is not used
2016-06-07 17:28:51 17720 [Note] InnoDB: Compressed tables use zlib 1.2.3
2016-06-07 17:28:51 17720 [Note] InnoDB: Using generic crc32 instructions
2016-06-07 17:28:51 17720 [Note] InnoDB: Initializing buffer pool, size = 16.0M
2016-06-07 17:28:51 17720 [Note] InnoDB: Completed initialization of buffer pool
2016-06-07 17:28:51 17720 [Note] InnoDB: Highest supported file format is Barracuda.
2016-06-07 17:28:51 17720 [Note] InnoDB: 128 rollback segment(s) are active.
2016-06-07 17:28:51 17720 [Note] InnoDB: Waiting for purge to start
2016-06-07 17:28:51 17720 [Note] InnoDB:  Percona XtraDB (http://www.percona.com) 5.6.28-76.1 started; log sequence number 1835037
2016-06-07 17:28:52 17272 [Note] InnoDB: Dumping buffer pool(s) not yet started
2016-06-07 17:28:52 17720 [Note] Plugin 'FEEDBACK' is disabled.
2016-06-07 17:28:52 17720 [Note] Server socket created on IP: '::'.
2016-06-07 17:28:52 17720 [ERROR] Can't start server: Bind on TCP/IP port. Got error: 10048: Normalerweise darf jede Socketadresse (Protokoll, Netzwerkadresse oder Anschluss) nur jeweils einmal verwendet werden.

2016-06-07 17:28:52 17720 [ERROR] Do you already have another mysqld server running on port: 3306 ?
2016-06-07 17:28:52 17720 [ERROR] Aborting

2016-06-07 17:31:41 3058 InnoDB: Warning: Using innodb_additional_mem_pool_size is DEPRECATED. This option may be removed in future releases, together with the option innodb_use_sys_malloc and with the InnoDB's internal memory allocator.
2016-06-07 17:31:41 12376 [Note] InnoDB: Using mutexes to ref count buffer pool pages
2016-06-07 17:31:41 12376 [Note] InnoDB: The InnoDB memory heap is disabled
2016-06-07 17:31:41 12376 [Note] InnoDB: Mutexes and rw_locks use Windows interlocked functions
2016-06-07 17:31:41 12376 [Note] InnoDB: Memory barrier is not used
2016-06-07 17:31:41 12376 [Note] InnoDB: Compressed tables use zlib 1.2.3
2016-06-07 17:31:41 12376 [Note] InnoDB: Using generic crc32 instructions
2016-06-07 17:31:41 12376 [Note] InnoDB: Initializing buffer pool, size = 16.0M
2016-06-07 17:31:41 12376 [Note] InnoDB: Completed initialization of buffer pool
2016-06-07 17:31:42 12376 [Note] InnoDB: Highest supported file format is Barracuda.
2016-06-07 17:31:42 12376 [Note] InnoDB: 128 rollback segment(s) are active.
2016-06-07 17:31:42 12376 [Note] InnoDB: Waiting for purge to start
2016-06-07 17:31:43 12376 [Note] InnoDB:  Percona XtraDB (http://www.percona.com) 5.6.28-76.1 started; log sequence number 1835047
2016-06-07 17:31:43 16300 [Note] InnoDB: Dumping buffer pool(s) not yet started
2016-06-07 17:31:43 12376 [Note] Plugin 'FEEDBACK' is disabled.
2016-06-07 17:31:43 12376 [Note] Server socket created on IP: '::'.
2016-06-07 17:31:43 12376 [ERROR] Can't start server: Bind on TCP/IP port. Got error: 10048: Normalerweise darf jede Socketadresse (Protokoll, Netzwerkadresse oder Anschluss) nur jeweils einmal verwendet werden.

2016-06-07 17:31:43 12376 [ERROR] Do you already have another mysqld server running on port: 3306 ?
2016-06-07 17:31:43 12376 [ERROR] Aborting

2016-06-07 17:32:18 27ac InnoDB: Warning: Using innodb_additional_mem_pool_size is DEPRECATED. This option may be removed in future releases, together with the option innodb_use_sys_malloc and with the InnoDB's internal memory allocator.
2016-06-07 17:32:18 10156 [Note] InnoDB: Using mutexes to ref count buffer pool pages
2016-06-07 17:32:18 10156 [Note] InnoDB: The InnoDB memory heap is disabled
2016-06-07 17:32:18 10156 [Note] InnoDB: Mutexes and rw_locks use Windows interlocked functions
2016-06-07 17:32:18 10156 [Note] InnoDB: Memory barrier is not used
2016-06-07 17:32:18 10156 [Note] InnoDB: Compressed tables use zlib 1.2.3
2016-06-07 17:32:18 10156 [Note] InnoDB: Using generic crc32 instructions
2016-06-07 17:32:18 10156 [Note] InnoDB: Initializing buffer pool, size = 16.0M
2016-06-07 17:32:18 10156 [Note] InnoDB: Completed initialization of buffer pool
2016-06-07 17:32:19 10156 [Note] InnoDB: Highest supported file format is Barracuda.
2016-06-07 17:32:19 10156 [Note] InnoDB: 128 rollback segment(s) are active.
2016-06-07 17:32:19 10156 [Note] InnoDB: Waiting for purge to start
2016-06-07 17:32:19 10156 [Note] InnoDB:  Percona XtraDB (http://www.percona.com) 5.6.28-76.1 started; log sequence number 1835057
2016-06-07 17:32:20 16812 [Note] InnoDB: Dumping buffer pool(s) not yet started
2016-06-07 17:32:20 10156 [Note] Plugin 'FEEDBACK' is disabled.
2016-06-07 17:32:20 10156 [Note] Server socket created on IP: '::'.
2016-06-07 17:32:20 10156 [Note] c:\xampp\mysql\bin\mysqld.exe: ready for connections.
Version: '10.1.13-MariaDB'  socket: ''  port: 3306  mariadb.org binary distribution
2016-06-07 17:39:34 17508 [Note] InnoDB: Online DDL : Start
2016-06-07 17:39:34 17508 [Note] InnoDB: Online DDL : Start reading clustered index of the table and create temporary files
2016-06-07 17:39:34 17508 [Note] InnoDB: Online DDL : End of reading clustered index of the table and create temporary files
2016-06-07 17:39:34 17508 [Note] InnoDB: Online DDL : Start merge-sorting index `PRIMARY` (1 / 1), estimated cost : 20.0000
2016-06-07 17:39:34 17508 [Note] InnoDB: Online DDL : End of  merge-sorting index `PRIMARY` (1 / 1)
2016-06-07 17:39:34 17508 [Note] InnoDB: Online DDL : Start building index `PRIMARY` (1 / 1), estimated cost : 30.0000
2016-06-07 17:39:34 17508 [Note] InnoDB: Online DDL : End of building index `PRIMARY` (1 / 1)
2016-06-07 17:39:34 17508 [Note] InnoDB: Online DDL : Completed
2016-06-07 21:04:42 6976 [Note] c:\xampp\mysql\bin\mysqld.exe: Normal shutdown

2016-06-07 21:04:42 6976 [Note] Event Scheduler: Purging the queue. 0 events
2016-06-07 21:04:42 11312 [Note] InnoDB: FTS optimize thread exiting.
2016-06-07 21:04:42 6976 [Note] InnoDB: Starting shutdown...
2016-06-07 21:04:44 6976 [Note] InnoDB: Shutdown completed; log sequence number 1852872
2016-06-07 21:04:44 6976 [Note] c:\xampp\mysql\bin\mysqld.exe: Shutdown complete

2016-06-11 17:35:16 18f4 InnoDB: Warning: Using innodb_additional_mem_pool_size is DEPRECATED. This option may be removed in future releases, together with the option innodb_use_sys_malloc and with the InnoDB's internal memory allocator.
2016-06-11 17:35:16 6388 [Note] InnoDB: Using mutexes to ref count buffer pool pages
2016-06-11 17:35:16 6388 [Note] InnoDB: The InnoDB memory heap is disabled
2016-06-11 17:35:16 6388 [Note] InnoDB: Mutexes and rw_locks use Windows interlocked functions
2016-06-11 17:35:16 6388 [Note] InnoDB: Memory barrier is not used
2016-06-11 17:35:16 6388 [Note] InnoDB: Compressed tables use zlib 1.2.3
2016-06-11 17:35:16 6388 [Note] InnoDB: Using generic crc32 instructions
2016-06-11 17:35:16 6388 [Note] InnoDB: Initializing buffer pool, size = 16.0M
2016-06-11 17:35:16 6388 [Note] InnoDB: Completed initialization of buffer pool
2016-06-11 17:35:16 6388 [Note] InnoDB: Highest supported file format is Barracuda.
2016-06-11 17:35:17 6388 [Note] InnoDB: 128 rollback segment(s) are active.
2016-06-11 17:35:17 6388 [Note] InnoDB: Waiting for purge to start
2016-06-11 17:35:17 6388 [Note] InnoDB:  Percona XtraDB (http://www.percona.com) 5.6.28-76.1 started; log sequence number 1852872
2016-06-11 17:35:18 10508 [Note] InnoDB: Dumping buffer pool(s) not yet started
2016-06-11 17:35:18 6388 [Note] Plugin 'FEEDBACK' is disabled.
2016-06-11 17:35:18 6388 [Note] Server socket created on IP: '::'.
2016-06-11 17:35:18 6388 [ERROR] Can't start server: Bind on TCP/IP port. Got error: 10048: Normalerweise darf jede Socketadresse (Protokoll, Netzwerkadresse oder Anschluss) nur jeweils einmal verwendet werden.

2016-06-11 17:35:18 6388 [ERROR] Do you already have another mysqld server running on port: 3306 ?
2016-06-11 17:35:18 6388 [ERROR] Aborting

2016-06-11 17:35:30 15ac InnoDB: Warning: Using innodb_additional_mem_pool_size is DEPRECATED. This option may be removed in future releases, together with the option innodb_use_sys_malloc and with the InnoDB's internal memory allocator.
2016-06-11 17:35:30 5548 [Note] InnoDB: Using mutexes to ref count buffer pool pages
2016-06-11 17:35:30 5548 [Note] InnoDB: The InnoDB memory heap is disabled
2016-06-11 17:35:30 5548 [Note] InnoDB: Mutexes and rw_locks use Windows interlocked functions
2016-06-11 17:35:30 5548 [Note] InnoDB: Memory barrier is not used
2016-06-11 17:35:30 5548 [Note] InnoDB: Compressed tables use zlib 1.2.3
2016-06-11 17:35:30 5548 [Note] InnoDB: Using generic crc32 instructions
2016-06-11 17:35:30 5548 [Note] InnoDB: Initializing buffer pool, size = 16.0M
2016-06-11 17:35:30 5548 [Note] InnoDB: Completed initialization of buffer pool
2016-06-11 17:35:30 5548 [Note] InnoDB: Highest supported file format is Barracuda.
2016-06-11 17:35:31 5548 [Note] InnoDB: 128 rollback segment(s) are active.
2016-06-11 17:35:31 5548 [Note] InnoDB: Waiting for purge to start
2016-06-11 17:35:31 5548 [Note] InnoDB:  Percona XtraDB (http://www.percona.com) 5.6.28-76.1 started; log sequence number 1852882
2016-06-11 17:35:31 9388 [Note] InnoDB: Dumping buffer pool(s) not yet started
2016-06-11 17:35:31 5548 [Note] Plugin 'FEEDBACK' is disabled.
2016-06-11 17:35:31 5548 [Note] Server socket created on IP: '::'.
2016-06-11 17:35:31 5548 [ERROR] Can't start server: Bind on TCP/IP port. Got error: 10048: Normalerweise darf jede Socketadresse (Protokoll, Netzwerkadresse oder Anschluss) nur jeweils einmal verwendet werden.

2016-06-11 17:35:31 5548 [ERROR] Do you already have another mysqld server running on port: 3306 ?
2016-06-11 17:35:31 5548 [ERROR] Aborting

2016-06-11 17:35:48 14f0 InnoDB: Warning: Using innodb_additional_mem_pool_size is DEPRECATED. This option may be removed in future releases, together with the option innodb_use_sys_malloc and with the InnoDB's internal memory allocator.
2016-06-11 17:35:48 5360 [Note] InnoDB: Using mutexes to ref count buffer pool pages
2016-06-11 17:35:48 5360 [Note] InnoDB: The InnoDB memory heap is disabled
2016-06-11 17:35:48 5360 [Note] InnoDB: Mutexes and rw_locks use Windows interlocked functions
2016-06-11 17:35:48 5360 [Note] InnoDB: Memory barrier is not used
2016-06-11 17:35:48 5360 [Note] InnoDB: Compressed tables use zlib 1.2.3
2016-06-11 17:35:48 5360 [Note] InnoDB: Using generic crc32 instructions
2016-06-11 17:35:48 5360 [Note] InnoDB: Initializing buffer pool, size = 16.0M
2016-06-11 17:35:48 5360 [Note] InnoDB: Completed initialization of buffer pool
2016-06-11 17:35:48 5360 [Note] InnoDB: Highest supported file format is Barracuda.
2016-06-11 17:35:49 5360 [Note] InnoDB: 128 rollback segment(s) are active.
2016-06-11 17:35:49 5360 [Note] InnoDB: Waiting for purge to start
2016-06-11 17:35:49 5360 [Note] InnoDB:  Percona XtraDB (http://www.percona.com) 5.6.28-76.1 started; log sequence number 1852892
2016-06-11 17:35:49 6684 [Note] InnoDB: Dumping buffer pool(s) not yet started
2016-06-11 17:35:49 5360 [Note] Plugin 'FEEDBACK' is disabled.
2016-06-11 17:35:49 5360 [Note] Server socket created on IP: '::'.
2016-06-11 17:35:49 5360 [Note] c:\xampp\mysql\bin\mysqld.exe: ready for connections.
Version: '10.1.13-MariaDB'  socket: ''  port: 3306  mariadb.org binary distribution
2016-06-11 17:52:42 5576 [Note] InnoDB: Online DDL : Start
2016-06-11 17:52:42 5576 [Note] InnoDB: Online DDL : Start reading clustered index of the table and create temporary files
2016-06-11 17:52:42 5576 [Note] InnoDB: Online DDL : End of reading clustered index of the table and create temporary files
2016-06-11 17:52:42 5576 [Note] InnoDB: Online DDL : Completed
2016-06-11 17:52:48 5576 [Note] InnoDB: Online DDL : Start
2016-06-11 17:52:48 5576 [Note] InnoDB: Online DDL : Start reading clustered index of the table and create temporary files
2016-06-11 17:52:48 5576 [Note] InnoDB: Online DDL : End of reading clustered index of the table and create temporary files
2016-06-11 17:52:48 5576 [Note] InnoDB: Online DDL : Start applying row log
2016-06-11 17:52:48 5576 [Note] InnoDB: Online DDL : End of applying row log
2016-06-11 17:52:48 5576 [Note] InnoDB: Online DDL : Completed
2016-06-11 17:53:20 8812 [Note] InnoDB: Online DDL : Start
2016-06-11 17:53:20 8812 [Note] InnoDB: Online DDL : Start reading clustered index of the table and create temporary files
2016-06-11 17:53:20 8812 [Note] InnoDB: Online DDL : End of reading clustered index of the table and create temporary files
2016-06-11 17:53:20 8812 [Note] InnoDB: Online DDL : Start applying row log
2016-06-11 17:53:20 8812 [Note] InnoDB: Online DDL : End of applying row log
2016-06-11 17:53:20 8812 [Note] InnoDB: Online DDL : Completed
2016-06-11 18:15:05 8300 [Note] c:\xampp\mysql\bin\mysqld.exe: Normal shutdown

2016-06-11 18:15:05 8300 [Note] Event Scheduler: Purging the queue. 0 events
2016-06-11 18:15:05 9952 [Note] InnoDB: FTS optimize thread exiting.
2016-06-11 18:15:05 8300 [Note] InnoDB: Starting shutdown...
2016-06-11 18:15:07 8300 [Note] InnoDB: Shutdown completed; log sequence number 2005451
2016-06-11 18:15:07 8300 [Note] c:\xampp\mysql\bin\mysqld.exe: Shutdown complete

2016-06-11 18:15:08 27f4 InnoDB: Warning: Using innodb_additional_mem_pool_size is DEPRECATED. This option may be removed in future releases, together with the option innodb_use_sys_malloc and with the InnoDB's internal memory allocator.
2016-06-11 18:15:08 10228 [Note] InnoDB: Using mutexes to ref count buffer pool pages
2016-06-11 18:15:08 10228 [Note] InnoDB: The InnoDB memory heap is disabled
2016-06-11 18:15:08 10228 [Note] InnoDB: Mutexes and rw_locks use Windows interlocked functions
2016-06-11 18:15:08 10228 [Note] InnoDB: Memory barrier is not used
2016-06-11 18:15:08 10228 [Note] InnoDB: Compressed tables use zlib 1.2.3
2016-06-11 18:15:08 10228 [Note] InnoDB: Using generic crc32 instructions
2016-06-11 18:15:08 10228 [Note] InnoDB: Initializing buffer pool, size = 16.0M
2016-06-11 18:15:08 10228 [Note] InnoDB: Completed initialization of buffer pool
2016-06-11 18:15:08 10228 [Note] InnoDB: Highest supported file format is Barracuda.
2016-06-11 18:15:09 10228 [Note] InnoDB: 128 rollback segment(s) are active.
2016-06-11 18:15:09 10228 [Note] InnoDB: Waiting for purge to start
2016-06-11 18:15:09 10228 [Note] InnoDB:  Percona XtraDB (http://www.percona.com) 5.6.28-76.1 started; log sequence number 2005451
2016-06-11 18:15:09 1732 [Note] InnoDB: Dumping buffer pool(s) not yet started
2016-06-11 18:15:09 10228 [Note] Plugin 'FEEDBACK' is disabled.
2016-06-11 18:15:09 10228 [Note] Server socket created on IP: '::'.
2016-06-11 18:15:10 10228 [Note] c:\xampp\mysql\bin\mysqld.exe: ready for connections.
Version: '10.1.13-MariaDB'  socket: ''  port: 3306  mariadb.org binary distribution
2016-06-11 18:15:26 10824 [Note] c:\xampp\mysql\bin\mysqld.exe: Normal shutdown

2016-06-11 18:15:26 10824 [Note] Event Scheduler: Purging the queue. 0 events
2016-06-11 18:15:26 3276 [Note] InnoDB: FTS optimize thread exiting.
2016-06-11 18:15:26 10824 [Note] InnoDB: Starting shutdown...
2016-06-11 18:15:27 10824 [Note] InnoDB: Shutdown completed; log sequence number 2005461
2016-06-11 18:15:27 10824 [Note] c:\xampp\mysql\bin\mysqld.exe: Shutdown complete

2016-06-11 18:16:38 1a1c InnoDB: Warning: Using innodb_additional_mem_pool_size is DEPRECATED. This option may be removed in future releases, together with the option innodb_use_sys_malloc and with the InnoDB's internal memory allocator.
2016-06-11 18:16:38 6684 [Note] InnoDB: Using mutexes to ref count buffer pool pages
2016-06-11 18:16:38 6684 [Note] InnoDB: The InnoDB memory heap is disabled
2016-06-11 18:16:38 6684 [Note] InnoDB: Mutexes and rw_locks use Windows interlocked functions
2016-06-11 18:16:38 6684 [Note] InnoDB: Memory barrier is not used
2016-06-11 18:16:38 6684 [Note] InnoDB: Compressed tables use zlib 1.2.3
2016-06-11 18:16:38 6684 [Note] InnoDB: Using generic crc32 instructions
2016-06-11 18:16:38 6684 [Note] InnoDB: Initializing buffer pool, size = 16.0M
2016-06-11 18:16:38 6684 [Note] InnoDB: Completed initialization of buffer pool
2016-06-11 18:16:38 6684 [Note] InnoDB: Highest supported file format is Barracuda.
2016-06-11 18:16:38 6684 [Note] InnoDB: The log sequence numbers 2005461 and 2005461 in ibdata files do not match the log sequence number 2005471 in the ib_logfiles!
2016-06-11 18:16:38 6684 [Note] InnoDB: Database was not shutdown normally!
2016-06-11 18:16:38 6684 [Note] InnoDB: Starting crash recovery.
2016-06-11 18:16:38 6684 [Note] InnoDB: Reading tablespace information from the .ibd files...
2016-06-11 18:16:38 6684 [Note] InnoDB: Restoring possible half-written data pages 
2016-06-11 18:16:38 6684 [Note] InnoDB: from the doublewrite buffer...
2016-06-11 18:16:39 6684 [Note] InnoDB: 128 rollback segment(s) are active.
2016-06-11 18:16:39 6684 [Note] InnoDB: Waiting for purge to start
2016-06-11 18:16:39 6684 [Note] InnoDB:  Percona XtraDB (http://www.percona.com) 5.6.28-76.1 started; log sequence number 2005471
2016-06-11 18:16:39 5740 [Note] InnoDB: Dumping buffer pool(s) not yet started
2016-06-11 18:16:39 6684 [Note] Plugin 'FEEDBACK' is disabled.
2016-06-11 18:16:39 6684 [Note] Server socket created on IP: '::'.
2016-06-11 18:16:39 6684 [Note] c:\xampp\mysql\bin\mysqld.exe: ready for connections.
Version: '10.1.13-MariaDB'  socket: ''  port: 3306  mariadb.org binary distribution
2016-06-11 18:18:01 6428 [Note] c:\xampp\mysql\bin\mysqld.exe: Normal shutdown

2016-06-11 18:18:01 6428 [Note] Event Scheduler: Purging the queue. 0 events
2016-06-11 18:18:01 7384 [Note] InnoDB: FTS optimize thread exiting.
2016-06-11 18:18:01 6428 [Note] InnoDB: Starting shutdown...
2016-06-11 18:18:03 6428 [Note] InnoDB: Shutdown completed; log sequence number 2005481
2016-06-11 18:18:03 6428 [Note] c:\xampp\mysql\bin\mysqld.exe: Shutdown complete

2016-06-11 18:18:48 10f8 InnoDB: Warning: Using innodb_additional_mem_pool_size is DEPRECATED. This option may be removed in future releases, together with the option innodb_use_sys_malloc and with the InnoDB's internal memory allocator.
2016-06-11 18:18:48 4344 [Note] InnoDB: Using mutexes to ref count buffer pool pages
2016-06-11 18:18:48 4344 [Note] InnoDB: The InnoDB memory heap is disabled
2016-06-11 18:18:48 4344 [Note] InnoDB: Mutexes and rw_locks use Windows interlocked functions
2016-06-11 18:18:48 4344 [Note] InnoDB: Memory barrier is not used
2016-06-11 18:18:48 4344 [Note] InnoDB: Compressed tables use zlib 1.2.3
2016-06-11 18:18:48 4344 [Note] InnoDB: Using generic crc32 instructions
2016-06-11 18:18:48 4344 [Note] InnoDB: Initializing buffer pool, size = 16.0M
2016-06-11 18:18:48 4344 [Note] InnoDB: Completed initialization of buffer pool
2016-06-11 18:18:48 4344 [Note] InnoDB: Highest supported file format is Barracuda.
2016-06-11 18:18:48 4344 [Note] InnoDB: The log sequence numbers 2005481 and 2005481 in ibdata files do not match the log sequence number 2005517 in the ib_logfiles!
2016-06-11 18:18:48 4344 [Note] InnoDB: Database was not shutdown normally!
2016-06-11 18:18:48 4344 [Note] InnoDB: Starting crash recovery.
2016-06-11 18:18:48 4344 [Note] InnoDB: Reading tablespace information from the .ibd files...
2016-06-11 18:18:48 4344 [Note] InnoDB: Restoring possible half-written data pages 
2016-06-11 18:18:48 4344 [Note] InnoDB: from the doublewrite buffer...
2016-06-11 18:18:48 4344 [Note] InnoDB: 128 rollback segment(s) are active.
2016-06-11 18:18:48 4344 [Note] InnoDB: Waiting for purge to start
2016-06-11 18:18:48 4344 [Note] InnoDB:  Percona XtraDB (http://www.percona.com) 5.6.28-76.1 started; log sequence number 2005517
2016-06-11 18:18:49 5708 [Note] InnoDB: Dumping buffer pool(s) not yet started
2016-06-11 18:18:49 4344 [Note] Plugin 'FEEDBACK' is disabled.
2016-06-11 18:18:49 4344 [Note] Server socket created on IP: '::'.
2016-06-11 18:18:49 4344 [Note] c:\xampp\mysql\bin\mysqld.exe: ready for connections.
Version: '10.1.13-MariaDB'  socket: ''  port: 3306  mariadb.org binary distribution
2016-06-11 22:12:36 5796 [Note] InnoDB: Online DDL : Start
2016-06-11 22:12:36 5796 [Note] InnoDB: Online DDL : Start reading clustered index of the table and create temporary files
2016-06-11 22:12:36 5796 [Note] InnoDB: Online DDL : End of reading clustered index of the table and create temporary files
2016-06-11 22:12:36 5796 [Note] InnoDB: Online DDL : Completed
2016-06-11 22:12:36 5796 [Note] InnoDB: Online DDL : Completed
2016-06-12 10:46:19 3de0 InnoDB: Warning: Using innodb_additional_mem_pool_size is DEPRECATED. This option may be removed in future releases, together with the option innodb_use_sys_malloc and with the InnoDB's internal memory allocator.
2016-06-12 10:46:19 15840 [Note] InnoDB: Using mutexes to ref count buffer pool pages
2016-06-12 10:46:19 15840 [Note] InnoDB: The InnoDB memory heap is disabled
2016-06-12 10:46:19 15840 [Note] InnoDB: Mutexes and rw_locks use Windows interlocked functions
2016-06-12 10:46:19 15840 [Note] InnoDB: Memory barrier is not used
2016-06-12 10:46:19 15840 [Note] InnoDB: Compressed tables use zlib 1.2.3
2016-06-12 10:46:19 15840 [Note] InnoDB: Using generic crc32 instructions
2016-06-12 10:46:19 15840 [Note] InnoDB: Initializing buffer pool, size = 16.0M
2016-06-12 10:46:19 15840 [Note] InnoDB: Completed initialization of buffer pool
2016-06-12 10:46:20 15840 [Note] InnoDB: Highest supported file format is Barracuda.
2016-06-12 10:46:20 15840 [Note] InnoDB: The log sequence numbers 2005481 and 2005481 in ibdata files do not match the log sequence number 2052338 in the ib_logfiles!
2016-06-12 10:46:20 15840 [Note] InnoDB: Database was not shutdown normally!
2016-06-12 10:46:20 15840 [Note] InnoDB: Starting crash recovery.
2016-06-12 10:46:20 15840 [Note] InnoDB: Reading tablespace information from the .ibd files...
2016-06-12 10:46:21 15840 [Note] InnoDB: Restoring possible half-written data pages 
2016-06-12 10:46:21 15840 [Note] InnoDB: from the doublewrite buffer...
2016-06-12 10:46:23 15840 [Note] InnoDB: 128 rollback segment(s) are active.
2016-06-12 10:46:23 15840 [Note] InnoDB: Waiting for purge to start
2016-06-12 10:46:23 15840 [Note] InnoDB:  Percona XtraDB (http://www.percona.com) 5.6.28-76.1 started; log sequence number 2052338
2016-06-12 10:46:24 200 [Note] InnoDB: Dumping buffer pool(s) not yet started
2016-06-12 10:46:24 15840 [Note] Plugin 'FEEDBACK' is disabled.
2016-06-12 10:46:24 15840 [Note] Server socket created on IP: '::'.
2016-06-12 10:46:24 15840 [ERROR] mysqld.exe: Table '.\mysql\db' is marked as crashed and should be repaired
2016-06-12 10:46:24 15840 [Warning] Checking table:   '.\mysql\db'
2016-06-12 10:46:24 15840 [ERROR] mysql.db: 1 client is using or hasn't closed the table properly
2016-06-12 10:46:24 15840 [ERROR] mysqld.exe: Table '.\mysql\tables_priv' is marked as crashed and should be repaired
2016-06-12 10:46:24 15840 [Warning] Checking table:   '.\mysql\tables_priv'
2016-06-12 10:46:24 15840 [ERROR] mysql.tables_priv: 1 client is using or hasn't closed the table properly
2016-06-12 10:46:24 15840 [ERROR] mysqld.exe: Table '.\mysql\columns_priv' is marked as crashed and should be repaired
2016-06-12 10:46:24 15840 [Warning] Checking table:   '.\mysql\columns_priv'
2016-06-12 10:46:24 15840 [ERROR] mysql.columns_priv: 1 client is using or hasn't closed the table properly
2016-06-12 10:46:24 15840 [ERROR] mysqld.exe: Table '.\mysql\procs_priv' is marked as crashed and should be repaired
2016-06-12 10:46:24 15840 [Warning] Checking table:   '.\mysql\procs_priv'
2016-06-12 10:46:24 15840 [ERROR] mysql.procs_priv: 1 client is using or hasn't closed the table properly
2016-06-12 10:46:24 15840 [Note] c:\xampp\mysql\bin\mysqld.exe: ready for connections.
Version: '10.1.13-MariaDB'  socket: ''  port: 3306  mariadb.org binary distribution
2016-06-12 11:40:31 4988 [Note] c:\xampp\mysql\bin\mysqld.exe: Normal shutdown

2016-06-12 11:40:31 4988 [Note] Event Scheduler: Purging the queue. 0 events
2016-06-12 11:40:31 14792 [Note] InnoDB: FTS optimize thread exiting.
2016-06-12 11:40:31 4988 [Note] InnoDB: Starting shutdown...
2016-06-12 11:40:32 4988 [Note] InnoDB: Shutdown completed; log sequence number 2078637
2016-06-12 11:40:32 4988 [Note] c:\xampp\mysql\bin\mysqld.exe: Shutdown complete

2016-06-12 18:04:54 32a8 InnoDB: Warning: Using innodb_additional_mem_pool_size is DEPRECATED. This option may be removed in future releases, together with the option innodb_use_sys_malloc and with the InnoDB's internal memory allocator.
2016-06-12 18:04:54 12968 [Note] InnoDB: Using mutexes to ref count buffer pool pages
2016-06-12 18:04:54 12968 [Note] InnoDB: The InnoDB memory heap is disabled
2016-06-12 18:04:54 12968 [Note] InnoDB: Mutexes and rw_locks use Windows interlocked functions
2016-06-12 18:04:54 12968 [Note] InnoDB: Memory barrier is not used
2016-06-12 18:04:54 12968 [Note] InnoDB: Compressed tables use zlib 1.2.3
2016-06-12 18:04:54 12968 [Note] InnoDB: Using generic crc32 instructions
2016-06-12 18:04:54 12968 [Note] InnoDB: Initializing buffer pool, size = 16.0M
2016-06-12 18:04:54 12968 [Note] InnoDB: Completed initialization of buffer pool
2016-06-12 18:04:54 12968 [Note] InnoDB: Highest supported file format is Barracuda.
2016-06-12 18:05:00 12968 [Note] InnoDB: 128 rollback segment(s) are active.
2016-06-12 18:05:00 12968 [Note] InnoDB: Waiting for purge to start
2016-06-12 18:05:00 12968 [Note] InnoDB:  Percona XtraDB (http://www.percona.com) 5.6.28-76.1 started; log sequence number 2078637
2016-06-12 18:05:01 15400 [Note] InnoDB: Dumping buffer pool(s) not yet started
2016-06-12 18:05:01 12968 [Note] Plugin 'FEEDBACK' is disabled.
2016-06-12 18:05:01 12968 [Note] Server socket created on IP: '::'.
2016-06-12 18:05:03 12968 [Note] c:\xampp\mysql\bin\mysqld.exe: ready for connections.
Version: '10.1.13-MariaDB'  socket: ''  port: 3306  mariadb.org binary distribution
2016-06-14 11:13:35 254c InnoDB: Warning: Using innodb_additional_mem_pool_size is DEPRECATED. This option may be removed in future releases, together with the option innodb_use_sys_malloc and with the InnoDB's internal memory allocator.
2016-06-14 11:13:35 9548 [Note] InnoDB: Using mutexes to ref count buffer pool pages
2016-06-14 11:13:35 9548 [Note] InnoDB: The InnoDB memory heap is disabled
2016-06-14 11:13:35 9548 [Note] InnoDB: Mutexes and rw_locks use Windows interlocked functions
2016-06-14 11:13:35 9548 [Note] InnoDB: Memory barrier is not used
2016-06-14 11:13:35 9548 [Note] InnoDB: Compressed tables use zlib 1.2.3
2016-06-14 11:13:35 9548 [Note] InnoDB: Using generic crc32 instructions
2016-06-14 11:13:35 9548 [Note] InnoDB: Initializing buffer pool, size = 16.0M
2016-06-14 11:13:35 9548 [Note] InnoDB: Completed initialization of buffer pool
2016-06-14 11:13:35 9548 [Note] InnoDB: Highest supported file format is Barracuda.
2016-06-14 11:13:35 9548 [Note] InnoDB: The log sequence numbers 2078637 and 2078637 in ibdata files do not match the log sequence number 2084855 in the ib_logfiles!
2016-06-14 11:13:35 9548 [Note] InnoDB: Database was not shutdown normally!
2016-06-14 11:13:35 9548 [Note] InnoDB: Starting crash recovery.
2016-06-14 11:13:35 9548 [Note] InnoDB: Reading tablespace information from the .ibd files...
2016-06-14 11:13:36 9548 [Note] InnoDB: Restoring possible half-written data pages 
2016-06-14 11:13:36 9548 [Note] InnoDB: from the doublewrite buffer...
2016-06-14 11:13:37 9548 [Note] InnoDB: 128 rollback segment(s) are active.
2016-06-14 11:13:37 9548 [Note] InnoDB: Waiting for purge to start
2016-06-14 11:13:37 9548 [Note] InnoDB:  Percona XtraDB (http://www.percona.com) 5.6.28-76.1 started; log sequence number 2084855
2016-06-14 11:13:37 3788 [Note] InnoDB: Dumping buffer pool(s) not yet started
2016-06-14 11:13:37 9548 [ERROR] mysqld.exe: File 'C:\xampp\htdocs\WebProg3\databases\aria_log.00000001' not found (Errcode: 2 "No such file or directory")
2016-06-14 11:13:37 9548 [Note] Plugin 'FEEDBACK' is disabled.
2016-06-14 11:13:37 9548 [Note] Server socket created on IP: '::'.
2016-06-14 11:13:37 9548 [ERROR] mysqld.exe: Table '.\mysql\db' is marked as crashed and should be repaired
2016-06-14 11:13:37 9548 [Warning] Checking table:   '.\mysql\db'
2016-06-14 11:13:37 9548 [ERROR] mysql.db: 1 client is using or hasn't closed the table properly
2016-06-14 11:13:37 9548 [ERROR] mysqld.exe: Table '.\mysql\tables_priv' is marked as crashed and should be repaired
2016-06-14 11:13:37 9548 [Warning] Checking table:   '.\mysql\tables_priv'
2016-06-14 11:13:37 9548 [ERROR] mysql.tables_priv: 1 client is using or hasn't closed the table properly
2016-06-14 11:13:37 9548 [ERROR] mysqld.exe: Table '.\mysql\columns_priv' is marked as crashed and should be repaired
2016-06-14 11:13:37 9548 [Warning] Checking table:   '.\mysql\columns_priv'
2016-06-14 11:13:37 9548 [ERROR] mysql.columns_priv: 1 client is using or hasn't closed the table properly
2016-06-14 11:13:37 9548 [ERROR] mysqld.exe: Table '.\mysql\procs_priv' is marked as crashed and should be repaired
2016-06-14 11:13:37 9548 [Warning] Checking table:   '.\mysql\procs_priv'
2016-06-14 11:13:37 9548 [ERROR] mysql.procs_priv: 1 client is using or hasn't closed the table properly
2016-06-14 11:13:37 9548 [Note] c:\xampp\mysql\bin\mysqld.exe: ready for connections.
Version: '10.1.13-MariaDB'  socket: ''  port: 3306  mariadb.org binary distribution
